  lab_5_6.cpp
c:\users\lipczan\onedrive\pulpit\projekty visual 2017\lab_5_6\lab_5_6\header_7.h(17): warning C4018: "<": niezgodność typu ze znakiem/bez znaku
c:\users\lipczan\onedrive\pulpit\projekty visual 2017\lab_5_6\lab_5_6\header_7.h(55): warning C4018: "<": niezgodność typu ze znakiem/bez znaku
c:\users\lipczan\onedrive\pulpit\projekty visual 2017\lab_5_6\lab_5_6\header_7.h(66): warning C4018: "<": niezgodność typu ze znakiem/bez znaku
c:\users\lipczan\onedrive\pulpit\projekty visual 2017\lab_5_6\lab_5_6\header_7.h(70): warning C4018: "<": niezgodność typu ze znakiem/bez znaku
c:\users\lipczan\onedrive\pulpit\projekty visual 2017\lab_5_6\lab_5_6\header_7.h(71): warning C4018: "<": niezgodność typu ze znakiem/bez znaku
c:\users\lipczan\onedrive\pulpit\projekty visual 2017\lab_5_6\lab_5_6\header_7.h(82): warning C4018: "<": niezgodność typu ze znakiem/bez znaku
c:\users\lipczan\onedrive\pulpit\projekty visual 2017\lab_5_6\lab_5_6\header_7.h(83): warning C4018: "<": niezgodność typu ze znakiem/bez znaku
c:\users\lipczan\onedrive\pulpit\projekty visual 2017\lab_5_6\lab_5_6\header_7.h(96): warning C4018: "<": niezgodność typu ze znakiem/bez znaku
c:\users\lipczan\onedrive\pulpit\projekty visual 2017\lab_5_6\lab_5_6\header_7.h(97): warning C4018: "<": niezgodność typu ze znakiem/bez znaku
c:\users\lipczan\onedrive\pulpit\projekty visual 2017\lab_5_6\lab_5_6\header_7.h(106): warning C4018: "<": niezgodność typu ze znakiem/bez znaku
c:\users\lipczan\onedrive\pulpit\projekty visual 2017\lab_5_6\lab_5_6\header_7.h(107): warning C4018: "<": niezgodność typu ze znakiem/bez znaku
c:\users\lipczan\onedrive\pulpit\projekty visual 2017\lab_5_6\lab_5_6\header_7.h(120): warning C4018: "<": niezgodność typu ze znakiem/bez znaku
c:\users\lipczan\onedrive\pulpit\projekty visual 2017\lab_5_6\lab_5_6\header_7.h(121): warning C4018: "<": niezgodność typu ze znakiem/bez znaku
c:\users\lipczan\onedrive\pulpit\projekty visual 2017\lab_5_6\lab_5_6\header_7.h(134): warning C4018: "<": niezgodność typu ze znakiem/bez znaku
c:\users\lipczan\onedrive\pulpit\projekty visual 2017\lab_5_6\lab_5_6\header_7.h(135): warning C4018: "<": niezgodność typu ze znakiem/bez znaku
c:\users\lipczan\onedrive\pulpit\projekty visual 2017\lab_5_6\lab_5_6\header_7.h(145): warning C4018: "<": niezgodność typu ze znakiem/bez znaku
c:\users\lipczan\onedrive\pulpit\projekty visual 2017\lab_5_6\lab_5_6\header_7.h(146): warning C4018: "<": niezgodność typu ze znakiem/bez znaku
c:\users\lipczan\onedrive\pulpit\projekty visual 2017\lab_5_6\lab_5_6\header_7.h(163): warning C4018: "<": niezgodność typu ze znakiem/bez znaku
c:\users\lipczan\onedrive\pulpit\projekty visual 2017\lab_5_6\lab_5_6\header_7.h(164): warning C4018: "<": niezgodność typu ze znakiem/bez znaku
c:\users\lipczan\onedrive\pulpit\projekty visual 2017\lab_5_6\lab_5_6\header_7.h(179): warning C4018: "<": niezgodność typu ze znakiem/bez znaku
c:\users\lipczan\onedrive\pulpit\projekty visual 2017\lab_5_6\lab_5_6\header_7.h(181): warning C4018: "<": niezgodność typu ze znakiem/bez znaku
c:\users\lipczan\onedrive\pulpit\projekty visual 2017\lab_5_6\lab_5_6\header_7.h(187): warning C4018: "<": niezgodność typu ze znakiem/bez znaku
c:\users\lipczan\onedrive\pulpit\projekty visual 2017\lab_5_6\lab_5_6\header_7.h(189): warning C4018: "<": niezgodność typu ze znakiem/bez znaku
c:\users\lipczan\onedrive\pulpit\projekty visual 2017\lab_5_6\lab_5_6\header_7.h(190): warning C4018: "<": niezgodność typu ze znakiem/bez znaku
c:\users\lipczan\onedrive\pulpit\projekty visual 2017\lab_5_6\lab_5_6\header_7.h(206): warning C4018: "<": niezgodność typu ze znakiem/bez znaku
c:\users\lipczan\onedrive\pulpit\projekty visual 2017\lab_5_6\lab_5_6\header_7.h(207): warning C4018: "<": niezgodność typu ze znakiem/bez znaku
c:\users\lipczan\onedrive\pulpit\projekty visual 2017\lab_5_6\lab_5_6\header_7.h(291): warning C4018: "<": niezgodność typu ze znakiem/bez znaku
c:\users\lipczan\onedrive\pulpit\projekty visual 2017\lab_5_6\lab_5_6\header_7.h(292): warning C4018: "<": niezgodność typu ze znakiem/bez znaku
c:\users\lipczan\onedrive\pulpit\projekty visual 2017\lab_5_6\lab_5_6\header_7.h(300): warning C4018: "<": niezgodność typu ze znakiem/bez znaku
c:\users\lipczan\onedrive\pulpit\projekty visual 2017\lab_5_6\lab_5_6\header_7.h(301): warning C4018: "<": niezgodność typu ze znakiem/bez znaku
c:\users\lipczan\onedrive\pulpit\projekty visual 2017\lab_5_6\lab_5_6\header_7.h(141): warning C4715: "operator/=”: niewszystkie ścieżki kodu zwracają wartość
c:\users\lipczan\onedrive\pulpit\projekty visual 2017\lab_5_6\lab_5_6\header_7.h(197): warning C4715: "operator*”: niewszystkie ścieżki kodu zwracają wartość
c:\users\lipczan\onedrive\pulpit\projekty visual 2017\lab_5_6\lab_5_6\header_7.h(213): warning C4715: "operator-”: niewszystkie ścieżki kodu zwracają wartość
c:\users\lipczan\onedrive\pulpit\projekty visual 2017\lab_5_6\lab_5_6\header_7.h(170): warning C4715: "operator+”: niewszystkie ścieżki kodu zwracają wartość
c:\users\lipczan\onedrive\pulpit\projekty visual 2017\lab_5_6\lab_5_6\header_6.h(287): warning C4715: "Tree<double>::DeleteElement”: niewszystkie ścieżki kodu zwracają wartość
c:\users\lipczan\onedrive\pulpit\projekty visual 2017\lab_5_6\lab_5_6\header_6.h(131): warning C4715: "Tree<double>::Search”: niewszystkie ścieżki kodu zwracają wartość
  lab_5_6.vcxproj -> C:\Users\Lipczan\OneDrive\Pulpit\Projekty Visual 2017\lab_5_6\Debug\lab_5_6.exe
